<?xml version="1.0" encoding="UTF-8"?>
<testng-results ignored="8" total="10" passed="2" failed="0" skipped="0">
  <reporter-output>
  </reporter-output>
  <suite started-at="2022-10-22T12:22:43 IST" name="Suite" finished-at="2022-10-22T12:23:19 IST" duration-ms="36111">
    <groups>
      <group name="smoke">
        <method signature="ContactBCPOMTest.ContactBCPOM()[pri:0, instance:com.crm.Vtiger.testcases3.ContactBCPOMTest@72035809]" name="ContactBCPOM" class="com.crm.Vtiger.testcases3.ContactBCPOMTest"/>
        <method signature="OrgNameValidateBCPOMTest.OrgNameValidateBCPOM()[pri:0, instance:com.crm.Vtiger.testcases3.OrgNameValidateBCPOMTest@cc43f62]" name="OrgNameValidateBCPOM" class="com.crm.Vtiger.testcases3.OrgNameValidateBCPOMTest"/>
      </group> <!-- smoke -->
    </groups>
    <test started-at="2022-10-22T12:22:43 IST" name="Test" finished-at="2022-10-22T12:23:19 IST" duration-ms="36111">
      <class name="com.crm.Vtiger.testcases3.OrgNameValidateBCPOMTest">
        <test-method is-config="true" signature="launchBrowser(java.lang.String)[pri:0, instance:com.crm.Vtiger.testcases3.OrgNameValidateBCPOMTest@cc43f62]" started-at="2022-10-22T12:22:59 IST" name="launchBrowser" finished-at="2022-10-22T12:23:01 IST" duration-ms="1760" status="PASS">
          <params>
            <param index="0">
              <value>
                <![CDATA[chrome]]>
              </value>
            </param>
          </params>
          <reporter-output>
          </reporter-output>
        </test-method> <!-- launchBrowser -->
        <test-method is-config="true" signature="Login()[pri:0, instance:com.crm.Vtiger.testcases3.OrgNameValidateBCPOMTest@cc43f62]" started-at="2022-10-22T12:23:01 IST" name="Login" finished-at="2022-10-22T12:23:03 IST" duration-ms="2430" status="PASS">
          <reporter-output>
          </reporter-output>
        </test-method> <!-- Login -->
        <test-method signature="OrgNameValidateBCPOM()[pri:0, instance:com.crm.Vtiger.testcases3.OrgNameValidateBCPOMTest@cc43f62]" started-at="2022-10-22T12:23:03 IST" name="OrgNameValidateBCPOM" finished-at="2022-10-22T12:23:18 IST" duration-ms="14110" status="PASS">
          <reporter-output>
          </reporter-output>
        </test-method> <!-- OrgNameValidateBCPOM -->
        <test-method is-config="true" signature="Logout()[pri:0, instance:com.crm.Vtiger.testcases3.OrgNameValidateBCPOMTest@cc43f62]" started-at="2022-10-22T12:23:18 IST" name="Logout" finished-at="2022-10-22T12:23:19 IST" duration-ms="1370" status="PASS">
          <reporter-output>
          </reporter-output>
        </test-method> <!-- Logout -->
        <test-method is-config="true" signature="CloseBrowser()[pri:0, instance:com.crm.Vtiger.testcases3.OrgNameValidateBCPOMTest@cc43f62]" started-at="2022-10-22T12:23:19 IST" name="CloseBrowser" finished-at="2022-10-22T12:23:19 IST" duration-ms="96" status="PASS">
          <reporter-output>
          </reporter-output>
        </test-method> <!-- CloseBrowser -->
      </class> <!-- com.crm.Vtiger.testcases3.OrgNameValidateBCPOMTest -->
      <class name="com.crm.Vtiger.testcases3.ContactBCPOMTest">
        <test-method is-config="true" signature="DatabaseConnection()[pri:0, instance:com.crm.Vtiger.testcases3.ContactBCPOMTest@72035809]" started-at="2022-10-22T12:22:43 IST" name="DatabaseConnection" finished-at="2022-10-22T12:22:43 IST" duration-ms="21" status="PASS">
          <reporter-output>
          </reporter-output>
        </test-method> <!-- DatabaseConnection -->
        <test-method is-config="true" signature="launchBrowser(java.lang.String)[pri:0, instance:com.crm.Vtiger.testcases3.ContactBCPOMTest@72035809]" started-at="2022-10-22T12:22:43 IST" name="launchBrowser" finished-at="2022-10-22T12:22:47 IST" duration-ms="3773" status="PASS">
          <params>
            <param index="0">
              <value>
                <![CDATA[chrome]]>
              </value>
            </param>
          </params>
          <reporter-output>
          </reporter-output>
        </test-method> <!-- launchBrowser -->
        <test-method is-config="true" signature="Login()[pri:0, instance:com.crm.Vtiger.testcases3.ContactBCPOMTest@72035809]" started-at="2022-10-22T12:22:47 IST" name="Login" finished-at="2022-10-22T12:22:49 IST" duration-ms="2388" status="PASS">
          <reporter-output>
          </reporter-output>
        </test-method> <!-- Login -->
        <test-method signature="ContactBCPOM()[pri:0, instance:com.crm.Vtiger.testcases3.ContactBCPOMTest@72035809]" started-at="2022-10-22T12:22:49 IST" name="ContactBCPOM" finished-at="2022-10-22T12:22:58 IST" duration-ms="9020" status="PASS">
          <reporter-output>
          </reporter-output>
        </test-method> <!-- ContactBCPOM -->
        <test-method is-config="true" signature="Logout()[pri:0, instance:com.crm.Vtiger.testcases3.ContactBCPOMTest@72035809]" started-at="2022-10-22T12:22:58 IST" name="Logout" finished-at="2022-10-22T12:22:59 IST" duration-ms="1022" status="PASS">
          <reporter-output>
          </reporter-output>
        </test-method> <!-- Logout -->
        <test-method is-config="true" signature="CloseBrowser()[pri:0, instance:com.crm.Vtiger.testcases3.ContactBCPOMTest@72035809]" started-at="2022-10-22T12:22:59 IST" name="CloseBrowser" finished-at="2022-10-22T12:22:59 IST" duration-ms="71" status="PASS">
          <reporter-output>
          </reporter-output>
        </test-method> <!-- CloseBrowser -->
        <test-method is-config="true" signature="enddatabase()[pri:0, instance:com.crm.Vtiger.testcases3.ContactBCPOMTest@72035809]" started-at="2022-10-22T12:23:19 IST" name="enddatabase" finished-at="2022-10-22T12:23:19 IST" duration-ms="0" status="PASS">
          <reporter-output>
          </reporter-output>
        </test-method> <!-- enddatabase -->
      </class> <!-- com.crm.Vtiger.testcases3.ContactBCPOMTest -->
    </test> <!-- Test -->
  </suite> <!-- Suite -->
</testng-results>
