<?xml version="1.0" encoding="UTF-8"?>
<!-- Generated by org.testng.reporters.JUnitXMLReporter -->
<testsuite ignored="8" hostname="Tiger" failures="0" tests="2" name="Test" time="36.111" errors="0" timestamp="2022-10-22T12:23:19 IST">
  <testcase classname="com.crm.Vtiger.testcases3.ContactBCPOMTest" name="ContactBCPOM" time="9.02"/>
  <testcase classname="com.crm.Vtiger.testcases3.OrgNameValidateBCPOMTest" name="OrgNameValidateBCPOM" time="14.11"/>
  <testcase classname="com.crm.Vtiger.testcases3.LeadsBCPOMTest" name="LeadsBCPOM" time="0.0">
    <ignored/>
  </testcase> <!-- LeadsBCPOM -->
  <testcase classname="generalUtilities.BaseClass" name="@AfterSuite enddatabase" time="0.0">
    <ignored/>
  </testcase> <!-- @AfterSuite enddatabase -->
  <testcase classname="generalUtilities.BaseClass" name="@BeforeSuite DatabaseConnection" time="0.0">
    <ignored/>
  </testcase> <!-- @BeforeSuite DatabaseConnection -->
  <testcase classname="generalUtilities.BaseClass" name="@AfterSuite enddatabase" time="0.0">
    <ignored/>
  </testcase> <!-- @AfterSuite enddatabase -->
  <testcase classname="generalUtilities.BaseClass" name="@BeforeSuite DatabaseConnection" time="0.0">
    <ignored/>
  </testcase> <!-- @BeforeSuite DatabaseConnection -->
  <testcase classname="generalUtilities.BaseClass" name="@BeforeSuite DatabaseConnection" time="0.0">
    <ignored/>
  </testcase> <!-- @BeforeSuite DatabaseConnection -->
  <testcase classname="com.crm.Vtiger.testcases3.CreataeOrganisationBCPOMTest" name="CreataeOrganisationBCPOM" time="0.0">
    <ignored/>
  </testcase> <!-- CreataeOrganisationBCPOM -->
  <testcase classname="generalUtilities.BaseClass" name="@AfterSuite enddatabase" time="0.0">
    <ignored/>
  </testcase> <!-- @AfterSuite enddatabase -->
</testsuite> <!-- Test -->
