<?xml version="1.0" encoding="UTF-8"?>
<!-- Generated by org.testng.reporters.JUnitXMLReporter -->
<testsuite ignored="9" hostname="Tiger" failures="0" tests="1" name="Test" time="17.563" errors="0" timestamp="2022-10-21T22:45:49 IST">
  <testcase classname="com.crm.Vtiger.testcases3.CreataeOrganisationBCPOMTest" name="CreataeOrganisationBCPOM" time="9.702"/>
  <testcase classname="com.crm.Vtiger.testcases3.ContactBCPOMTest" name="ContactBCPOM" time="0.0">
    <ignored/>
  </testcase> <!-- ContactBCPOM -->
  <testcase classname="com.crm.Vtiger.testcases3.LeadsBCPOMTest" name="LeadsBCPOM" time="0.0">
    <ignored/>
  </testcase> <!-- LeadsBCPOM -->
  <testcase classname="com.crm.Vtiger.testcases3.OrgNameValidateBCPOMTest" name="OrgNameValidateBCPOM" time="0.0">
    <ignored/>
  </testcase> <!-- OrgNameValidateBCPOM -->
  <testcase classname="generalUtilities.BaseClass" name="@AfterSuite enddatabase" time="0.0">
    <ignored/>
  </testcase> <!-- @AfterSuite enddatabase -->
  <testcase classname="generalUtilities.BaseClass" name="@BeforeSuite DatabaseConnection" time="0.0">
    <ignored/>
  </testcase> <!-- @BeforeSuite DatabaseConnection -->
  <testcase classname="generalUtilities.BaseClass" name="@AfterSuite enddatabase" time="0.0">
    <ignored/>
  </testcase> <!-- @AfterSuite enddatabase -->
  <testcase classname="generalUtilities.BaseClass" name="@BeforeSuite DatabaseConnection" time="0.0">
    <ignored/>
  </testcase> <!-- @BeforeSuite DatabaseConnection -->
  <testcase classname="generalUtilities.BaseClass" name="@BeforeSuite DatabaseConnection" time="0.0">
    <ignored/>
  </testcase> <!-- @BeforeSuite DatabaseConnection -->
  <testcase classname="generalUtilities.BaseClass" name="@AfterSuite enddatabase" time="0.0">
    <ignored/>
  </testcase> <!-- @AfterSuite enddatabase -->
</testsuite> <!-- Test -->
